C:\USERS\TAMAS\DOCUMENTS\VISUAL STUDIO 2010\PROJECTS\5\5\DEBUG\5.EXE.EMBED.MANIFEST
C:\USERS\TAMAS\DOCUMENTS\VISUAL STUDIO 2010\PROJECTS\5\5\DEBUG\5.EXE.EMBED.MANIFEST.RES
C:\USERS\TAMAS\DOCUMENTS\VISUAL STUDIO 2010\PROJECTS\5\5\DEBUG\5.EXE.INTERMEDIATE.MANIFEST
C:\USERS\TAMAS\DOCUMENTS\VISUAL STUDIO 2010\PROJECTS\5\5\DEBUG\5.OBJ
c:\Users\Tamas\documents\visual studio 2010\Projects\5\5\Debug\5.write.1.tlog
c:\Users\Tamas\documents\visual studio 2010\Projects\5\5\Debug\5_manifest.rc
c:\Users\Tamas\documents\visual studio 2010\Projects\5\5\Debug\cl.command.1.tlog
c:\Users\Tamas\documents\visual studio 2010\Projects\5\5\Debug\CL.read.1.tlog
c:\Users\Tamas\documents\visual studio 2010\Projects\5\5\Debug\CL.write.1.tlog
c:\Users\Tamas\documents\visual studio 2010\Projects\5\5\Debug\link.6792.read.1.tlog
c:\Users\Tamas\documents\visual studio 2010\Projects\5\5\Debug\link.6792.write.1.tlog
c:\Users\Tamas\documents\visual studio 2010\Projects\5\5\Debug\link.6792-cvtres.read.1.tlog
c:\Users\Tamas\documents\visual studio 2010\Projects\5\5\Debug\link.6792-cvtres.write.1.tlog
c:\Users\Tamas\documents\visual studio 2010\Projects\5\5\Debug\link.command.1.tlog
c:\Users\Tamas\documents\visual studio 2010\Projects\5\5\Debug\link.read.1.tlog
c:\Users\Tamas\documents\visual studio 2010\Projects\5\5\Debug\link.write.1.tlog
c:\Users\Tamas\documents\visual studio 2010\Projects\5\5\Debug\link-cvtres.read.1.tlog
c:\Users\Tamas\documents\visual studio 2010\Projects\5\5\Debug\link-cvtres.write.1.tlog
c:\Users\Tamas\documents\visual studio 2010\Projects\5\5\Debug\mt.command.1.tlog
c:\Users\Tamas\documents\visual studio 2010\Projects\5\5\Debug\mt.read.1.tlog
c:\Users\Tamas\documents\visual studio 2010\Projects\5\5\Debug\mt.write.1.tlog
c:\Users\Tamas\documents\visual studio 2010\Projects\5\5\Debug\rc.command.1.tlog
c:\Users\Tamas\documents\visual studio 2010\Projects\5\5\Debug\rc.read.1.tlog
c:\Users\Tamas\documents\visual studio 2010\Projects\5\5\Debug\rc.write.1.tlog
c:\Users\Tamas\documents\visual studio 2010\Projects\5\5\Debug\vc100.idb
C:\USERS\TAMAS\DOCUMENTS\VISUAL STUDIO 2010\PROJECTS\5\5\DEBUG\VC100.PDB
C:\USERS\TAMAS\DOCUMENTS\VISUAL STUDIO 2010\PROJECTS\5\DEBUG\5.EXE
C:\USERS\TAMAS\DOCUMENTS\VISUAL STUDIO 2010\PROJECTS\5\DEBUG\5.ILK
C:\USERS\TAMAS\DOCUMENTS\VISUAL STUDIO 2010\PROJECTS\5\DEBUG\5.PDB
